{
  "stats": {
    "suites": 1,
    "tests": 6,
    "passes": 5,
    "pending": 0,
    "failures": 1,
    "start": "2025-07-08T06:53:20.192Z",
    "end": "2025-07-08T06:53:38.330Z",
    "duration": 18138,
    "testsRegistered": 6,
    "passPercent": 83.33333333333334,
    "pendingPercent": 0,
    "other": 0,
    "hasOther": false,
    "skipped": 0,
    "hasSkipped": false
  },
  "results": [
    {
      "uuid": "5f438691-70dd-4227-ba0b-e19d87789739",
      "title": "",
      "fullFile": "cypress\\e2e\\cart.cy.js",
      "file": "cypress\\e2e\\cart.cy.js",
      "beforeHooks": [],
      "afterHooks": [],
      "tests": [],
      "suites": [
        {
          "uuid": "58535884-b6c4-41d1-85dc-7cd55ce692a5",
          "title": "Test de Carrito de compra",
          "fullFile": "",
          "file": "",
          "beforeHooks": [],
          "afterHooks": [],
          "tests": [
            {
              "title": "TC-001 Agregar un solo producto al carrito",
              "fullTitle": "Test de Carrito de compra TC-001 Agregar un solo producto al carrito",
              "timedOut": null,
              "duration": 3535,
              "state": "passed",
              "speed": "fast",
              "pass": true,
              "fail": false,
              "pending": false,
              "context": null,
              "code": "const productName = 'Sauce Labs Backpack';\ninventoryPage.addProductToCart(productName);\ninventoryPage.getCartBadgeCount().should('have.text', '1');\ninventoryPage.clickShoppingCart();\ncartPage.getCartItem(productName).should('exist');\ncartPage.getNumberOfCartItems().should('have.length', 1);",
              "err": {},
              "uuid": "2ab01710-ed49-48e2-ad92-55ee997c3893",
              "parentUUID": "58535884-b6c4-41d1-85dc-7cd55ce692a5",
              "isHook": false,
              "skipped": false
            },
            {
              "title": "TC-002 Agregar mas de un producto al carrito",
              "fullTitle": "Test de Carrito de compra TC-002 Agregar mas de un producto al carrito",
              "timedOut": null,
              "duration": 1755,
              "state": "passed",
              "speed": "fast",
              "pass": true,
              "fail": false,
              "pending": false,
              "context": null,
              "code": "const product1 = 'Sauce Labs Backpack';\nconst product2 = 'Sauce Labs Bike Light';\ninventoryPage.addProductToCart(product1);\ninventoryPage.addProductToCart(product2);\ninventoryPage.getCartBadgeCount().should('have.text', '2');\ninventoryPage.clickShoppingCart();\ncartPage.getCartItem(product1).should('exist');\ncartPage.getCartItem(product2).should('exist');\ncartPage.getNumberOfCartItems().should('have.length', 2);",
              "err": {},
              "uuid": "f09ab1d3-00b7-4d96-ba38-1badc338d916",
              "parentUUID": "58535884-b6c4-41d1-85dc-7cd55ce692a5",
              "isHook": false,
              "skipped": false
            },
            {
              "title": "TC-003 remover un producto del carrito",
              "fullTitle": "Test de Carrito de compra TC-003 remover un producto del carrito",
              "timedOut": null,
              "duration": 1344,
              "state": "passed",
              "speed": "fast",
              "pass": true,
              "fail": false,
              "pending": false,
              "context": null,
              "code": "const productName = 'Sauce Labs Backpack';\ninventoryPage.addProductToCart(productName);\ninventoryPage.getCartBadgeCount().should('have.text', '1');\ninventoryPage.removeProductFromCart(productName);\ncy.get(inventoryPage.cartBadge).should('not.exist'); // Accedemos directamente al selector",
              "err": {},
              "uuid": "5e4b8198-c9b6-47b6-8480-842eeff568af",
              "parentUUID": "58535884-b6c4-41d1-85dc-7cd55ce692a5",
              "isHook": false,
              "skipped": false
            },
            {
              "title": "TC-004 remover un producto de la pagina de cart",
              "fullTitle": "Test de Carrito de compra TC-004 remover un producto de la pagina de cart",
              "timedOut": null,
              "duration": 5904,
              "state": "failed",
              "speed": null,
              "pass": false,
              "fail": true,
              "pending": false,
              "context": null,
              "code": "const product1 = 'Sauce Labs Backpack';\nconst product2 = 'Sauce Labs Bike Light';\ninventoryPage.addProductToCart(product1);\ninventoryPage.addProductToCart(product2);\ninventoryPage.getCartBadgeCount().should('have.text', '2');\ninventoryPage.clickShoppingCart();\ncartPage.getCartItem(product1).should('exist');\ncartPage.removeProductFromCart(product1);\ncartPage.getCartItem(product1).should('not.exist');\ncartPage.getNumberOfCartItems().should('have.length', 1);\ncartPage.clickContinueShopping();\ninventoryPage.getCartBadgeCount().should('have.text', '1');",
              "err": {
                "message": "AssertionError: Timed out retrying after 4000ms: Expected to find content: 'Sauce Labs Backpack' within the selector: '.inventory_item_name' but never did.",
                "estack": "AssertionError: Timed out retrying after 4000ms: Expected to find content: 'Sauce Labs Backpack' within the selector: '.inventory_item_name' but never did.\n    at CartPage.getCartItem (webpack://educabot/./cypress/e2e/pages/cartPage.js:14:18)\n    at Context.eval (webpack://educabot/./cypress/e2e/cart.cy.js:56:17)",
                "diff": null
              },
              "uuid": "0b0b38bd-0b0a-4cb3-b121-f2f44104bf73",
              "parentUUID": "58535884-b6c4-41d1-85dc-7cd55ce692a5",
              "isHook": false,
              "skipped": false
            },
            {
              "title": "TC-005 checkout de la pagina step 1 e informacion",
              "fullTitle": "Test de Carrito de compra TC-005 checkout de la pagina step 1 e informacion",
              "timedOut": null,
              "duration": 2976,
              "state": "passed",
              "speed": "fast",
              "pass": true,
              "fail": false,
              "pending": false,
              "context": null,
              "code": "const productName = 'Sauce Labs Backpack';\ninventoryPage.addProductToCart(productName);\ninventoryPage.clickShoppingCart();\ncartPage.clickCheckout();\ncy.url().should('include', '/checkout-step-one.html');\ncy.get('.title').should('contain', 'Checkout: Your Information');",
              "err": {},
              "uuid": "6f9a6d72-5bb7-4e5d-9d9a-3342e0055378",
              "parentUUID": "58535884-b6c4-41d1-85dc-7cd55ce692a5",
              "isHook": false,
              "skipped": false
            },
            {
              "title": "TC-006 volver atras desde la pagina del carrito",
              "fullTitle": "Test de Carrito de compra TC-006 volver atras desde la pagina del carrito",
              "timedOut": null,
              "duration": 1929,
              "state": "passed",
              "speed": "fast",
              "pass": true,
              "fail": false,
              "pending": false,
              "context": null,
              "code": "const productName = 'Sauce Labs Backpack';\ninventoryPage.addProductToCart(productName);\ninventoryPage.clickShoppingCart();\ncartPage.clickContinueShopping();\ncy.url().should('include', '/inventory.html');\ninventoryPage.getTitle().should('contain', 'Products');",
              "err": {},
              "uuid": "99838fad-251e-4878-8a87-ab4f7f4a4a80",
              "parentUUID": "58535884-b6c4-41d1-85dc-7cd55ce692a5",
              "isHook": false,
              "skipped": false
            }
          ],
          "suites": [],
          "passes": [
            "2ab01710-ed49-48e2-ad92-55ee997c3893",
            "f09ab1d3-00b7-4d96-ba38-1badc338d916",
            "5e4b8198-c9b6-47b6-8480-842eeff568af",
            "6f9a6d72-5bb7-4e5d-9d9a-3342e0055378",
            "99838fad-251e-4878-8a87-ab4f7f4a4a80"
          ],
          "failures": [
            "0b0b38bd-0b0a-4cb3-b121-f2f44104bf73"
          ],
          "pending": [],
          "skipped": [],
          "duration": 17443,
          "root": false,
          "rootEmpty": false,
          "_timeout": 2000
        }
      ],
      "passes": [],
      "failures": [],
      "pending": [],
      "skipped": [],
      "duration": 0,
      "root": true,
      "rootEmpty": true,
      "_timeout": 2000
    }
  ],
  "meta": {
    "mocha": {
      "version": "7.2.0"
    },
    "mochawesome": {
      "options": {
        "quiet": false,
        "reportFilename": "mochawesome",
        "saveHtml": false,
        "saveJson": true,
        "consoleReporter": "spec",
        "useInlineDiffs": false,
        "code": true
      },
      "version": "7.1.3"
    },
    "marge": {
      "options": {
        "reportDir": "cypress/results",
        "overwrite": false,
        "html": false,
        "json": true,
        "charts": true,
        "reportPageTitle": "'SauceDemo - Reporte de Pruebas Automatizadas'",
        "embeddedScreenshots": true,
        "inlineAssets": true
      },
      "version": "6.2.0"
    }
  }
}